Arguments: 
  /Users/ddtn/.nvm/versions/node/v14.18.2/bin/node /usr/local/Cellar/yarn/1.22.17/libexec/bin/yarn.js

PATH: 
  /Users/ddtn/opt/anaconda3/bin:/Users/ddtn/opt/anaconda3/condabin:/Users/ddtn/.nvm/versions/node/v14.18.2/bin:/usr/local/bin:/usr/bin:/bin:/usr/sbin:/sbin:/Library/Apple/usr/bin:/usr/local/bin

Yarn version: 
  1.22.17

Node version: 
  14.18.2

Platform: 
  darwin x64

Trace: 
  Error: ENOSPC: no space left on device, copyfile '/Users/ddtn/GFT/Projects/BBVA/nova/formacion/nova-le-7.0.0-darwin/nova-deps/yarn-cache/v6/npm-intl-list-format-1.0.3-f9b3c3d69b4647d63218f49aae5d3816c6e55b5b-integrity/node_modules/intl-list-format/locale-data/it-VA.d.ts.map' -> '/Volumes/DATOS-PERSONALES/winkeando/develop/winkeando/packages/wk-player/node_modules/intl-list-format/locale-data/it-VA.d.ts.map'

npm manifest: 
  {
    "name": "@winkeando/wk-player",
    "description": "wk-player",
    "license": "BSD-3-Clause",
    "author": "David Timón Morillo-Velarde <david.timon@gmail.com>",
    "version": "0.0.1-alpha.5",
    "main": "wk-player.js",
    "scripts": {
      "start": "web-dev-server --node-resolve --open",
      "test": "web-test-runner --coverage",
      "lint": "eslint --ext .js,.html . --ignore-path .gitignore && prettier \"**/*.js\" --check --ignore-path .gitignore",
      "format": "eslint --ext .js,.html . --fix --ignore-path .gitignore && prettier \"**/*.js\" --write --ignore-path .gitignore",
      "test:watch": "web-test-runner --watch"
    },
    "dependencies": {
      "@webcomponents/webcomponentsjs": "latest",
      "lit-element": "latest"
    },
    "devDependencies": {
      "@open-wc/eslint-config": "^4.3.0",
      "@open-wc/testing": "next",
      "@web/test-runner": "^0.13.22",
      "eslint": "^7.32.0",
      "eslint-config-prettier": "^8.3.0",
      "husky": "^4.3.8",
      "lint-staged": "^10.5.4",
      "prettier": "^2.4.1"
    },
    "gitHead": "a17795ba66b247c823bba39a6da34da4cd26def8",
    "eslintConfig": {
      "extends": [
        "@open-wc",
        "prettier"
      ]
    },
    "prettier": {
      "singleQuote": true,
      "arrowParens": "avoid"
    },
    "husky": {
      "hooks": {
        "pre-commit": "lint-staged"
      }
    },
    "lint-staged": {
      "*.js": [
        "eslint --fix",
        "prettier --write"
      ]
    }
  }

yarn manifest: 
  No manifest

Lockfile: 
  # THIS IS AN AUTOGENERATED FILE. DO NOT EDIT THIS FILE DIRECTLY.
  # yarn lockfile v1
  
  
  "@lit/reactive-element@^1.0.0":
    version "1.0.2"
    resolved "https://globaldevtools.bbva.com:443/artifactory/api/npm/npm-repo/@lit/reactive-element/-/reactive-element-1.0.2.tgz#daa7a7c7a6c63d735f0c9634de6b7dbd70a702ab"
    integrity sha1-2qenx6bGPXNfDJY03mt9vXCnAqs=
  
  "@types/trusted-types@^2.0.2":
    version "2.0.2"
    resolved "https://globaldevtools.bbva.com:443/artifactory/api/npm/npm-repo/@types/trusted-types/-/trusted-types-2.0.2.tgz#fc25ad9943bcac11cceb8168db4f275e0e72e756"
    integrity sha1-/CWtmUO8rBHM64Fo208nXg5y51Y=
  
  "@webcomponents/webcomponentsjs@latest":
    version "2.6.0"
    resolved "https://globaldevtools.bbva.com:443/artifactory/api/npm/npm-repo/@webcomponents/webcomponentsjs/-/webcomponentsjs-2.6.0.tgz#7d1674c40bddf0c6dd974c44ffd34512fe7274ff"
    integrity sha1-fRZ0xAvd8Mbdl0xE/9NFEv5ydP8=
  
  lit-element@latest:
    version "3.0.2"
    resolved "https://globaldevtools.bbva.com:443/artifactory/api/npm/npm-repo/lit-element/-/lit-element-3.0.2.tgz#6422b68ba166a32695f524d6f3eb41712610bf50"
    integrity sha1-ZCK2i6FmoyaV9STW8+tBcSYQv1A=
    dependencies:
      "@lit/reactive-element" "^1.0.0"
      lit-html "^2.0.0"
  
  lit-html@^2.0.0:
    version "2.0.2"
    resolved "https://globaldevtools.bbva.com:443/artifactory/api/npm/npm-repo/lit-html/-/lit-html-2.0.2.tgz#6a17caac4135757710c5fb3e4becc622c476e431"
    integrity sha1-ahfKrEE1dXcQxfs+S+zGIsR25DE=
    dependencies:
      "@types/trusted-types" "^2.0.2"
